  Building Custom Rule F:/repos/simple_ffmpeg/CMakeLists.txt
  CMake does not need to re-run because F:/repos/simple_ffmpeg/CMakeFiles/generate.stamp is up-to-date.
  cmdutils.c
f:\repos\simple_ffmpeg\libavutil\rational.h : warning C4819: The file contains a character that cannot be represented in the current code page (936). Save the file in Unicode format to prevent data loss
f:\repos\simple_ffmpeg\libavformat\os_support.h(115): error C2011: 'pollfd': 'struct' type redefinition
  C:\Program Files (x86)\Windows Kits\10\Include\10.0.17134.0\um\winsock2.h(1606): note: see declaration of 'pollfd'
f:\repos\simple_ffmpeg\libavformat\os_support.h(122): warning C4005: 'POLLIN': macro redefinition
  C:\Program Files (x86)\Windows Kits\10\Include\10.0.17134.0\um\winsock2.h(1595): note: see previous definition of 'POLLIN'
f:\repos\simple_ffmpeg\libavformat\os_support.h(123): warning C4005: 'POLLOUT': macro redefinition
  C:\Program Files (x86)\Windows Kits\10\Include\10.0.17134.0\um\winsock2.h(1599): note: see previous definition of 'POLLOUT'
f:\repos\simple_ffmpeg\libavformat\os_support.h(124): warning C4005: 'POLLRDNORM': macro redefinition
  C:\Program Files (x86)\Windows Kits\10\Include\10.0.17134.0\um\winsock2.h(1593): note: see previous definition of 'POLLRDNORM'
f:\repos\simple_ffmpeg\libavformat\os_support.h(125): warning C4005: 'POLLWRNORM': macro redefinition
  C:\Program Files (x86)\Windows Kits\10\Include\10.0.17134.0\um\winsock2.h(1598): note: see previous definition of 'POLLWRNORM'
f:\repos\simple_ffmpeg\libavformat\os_support.h(126): warning C4005: 'POLLRDBAND': macro redefinition
  C:\Program Files (x86)\Windows Kits\10\Include\10.0.17134.0\um\winsock2.h(1594): note: see previous definition of 'POLLRDBAND'
f:\repos\simple_ffmpeg\libavformat\os_support.h(127): warning C4005: 'POLLWRBAND': macro redefinition
  C:\Program Files (x86)\Windows Kits\10\Include\10.0.17134.0\um\winsock2.h(1600): note: see previous definition of 'POLLWRBAND'
f:\repos\simple_ffmpeg\libavformat\os_support.h(128): warning C4005: 'POLLPRI': macro redefinition
  C:\Program Files (x86)\Windows Kits\10\Include\10.0.17134.0\um\winsock2.h(1596): note: see previous definition of 'POLLPRI'
f:\repos\simple_ffmpeg\libavformat\os_support.h(131): warning C4005: 'POLLERR': macro redefinition
  C:\Program Files (x86)\Windows Kits\10\Include\10.0.17134.0\um\winsock2.h(1602): note: see previous definition of 'POLLERR'
f:\repos\simple_ffmpeg\libavformat\os_support.h(132): warning C4005: 'POLLHUP': macro redefinition
  C:\Program Files (x86)\Windows Kits\10\Include\10.0.17134.0\um\winsock2.h(1603): note: see previous definition of 'POLLHUP'
f:\repos\simple_ffmpeg\libavformat\os_support.h(133): warning C4005: 'POLLNVAL': macro redefinition
  C:\Program Files (x86)\Windows Kits\10\Include\10.0.17134.0\um\winsock2.h(1604): note: see previous definition of 'POLLNVAL'
F:\repos\simple_ffmpeg\cmdutils.c(209): warning C4090: 'function': different 'const' qualifiers
F:\repos\simple_ffmpeg\cmdutils.c(568): warning C4090: 'function': different 'const' qualifiers
F:\repos\simple_ffmpeg\cmdutils.c(571): warning C4090: 'function': different 'const' qualifiers
F:\repos\simple_ffmpeg\cmdutils.c(575): warning C4090: 'function': different 'const' qualifiers
F:\repos\simple_ffmpeg\cmdutils.c(583): warning C4090: 'function': different 'const' qualifiers
F:\repos\simple_ffmpeg\cmdutils.c(610): warning C4090: 'function': different 'const' qualifiers
F:\repos\simple_ffmpeg\cmdutils.c(624): warning C4090: 'function': different 'const' qualifiers
F:\repos\simple_ffmpeg\cmdutils.c(1477): warning C4090: 'function': different 'const' qualifiers
F:\repos\simple_ffmpeg\cmdutils.c(1545): warning C4090: 'function': different 'const' qualifiers
F:\repos\simple_ffmpeg\cmdutils.c(1584): warning C4090: 'function': different 'const' qualifiers
F:\repos\simple_ffmpeg\cmdutils.c(2042): warning C4090: 'function': different 'const' qualifiers
F:\repos\simple_ffmpeg\cmdutils.c(2045): warning C4090: 'function': different 'const' qualifiers
F:\repos\simple_ffmpeg\cmdutils.c(2049): warning C4090: 'function': different 'const' qualifiers
  ffmpeg.c
f:\repos\simple_ffmpeg\libavutil\rational.h : warning C4819: The file contains a character that cannot be represented in the current code page (936). Save the file in Unicode format to prevent data loss
f:\repos\simple_ffmpeg\libavformat/os_support.h(115): error C2011: 'pollfd': 'struct' type redefinition
  C:\Program Files (x86)\Windows Kits\10\Include\10.0.17134.0\um\winsock2.h(1606): note: see declaration of 'pollfd'
f:\repos\simple_ffmpeg\libavformat/os_support.h(122): warning C4005: 'POLLIN': macro redefinition
  C:\Program Files (x86)\Windows Kits\10\Include\10.0.17134.0\um\winsock2.h(1595): note: see previous definition of 'POLLIN'
f:\repos\simple_ffmpeg\libavformat/os_support.h(123): warning C4005: 'POLLOUT': macro redefinition
  C:\Program Files (x86)\Windows Kits\10\Include\10.0.17134.0\um\winsock2.h(1599): note: see previous definition of 'POLLOUT'
f:\repos\simple_ffmpeg\libavformat/os_support.h(124): warning C4005: 'POLLRDNORM': macro redefinition
  C:\Program Files (x86)\Windows Kits\10\Include\10.0.17134.0\um\winsock2.h(1593): note: see previous definition of 'POLLRDNORM'
f:\repos\simple_ffmpeg\libavformat/os_support.h(125): warning C4005: 'POLLWRNORM': macro redefinition
  C:\Program Files (x86)\Windows Kits\10\Include\10.0.17134.0\um\winsock2.h(1598): note: see previous definition of 'POLLWRNORM'
f:\repos\simple_ffmpeg\libavformat/os_support.h(126): warning C4005: 'POLLRDBAND': macro redefinition
  C:\Program Files (x86)\Windows Kits\10\Include\10.0.17134.0\um\winsock2.h(1594): note: see previous definition of 'POLLRDBAND'
f:\repos\simple_ffmpeg\libavformat/os_support.h(127): warning C4005: 'POLLWRBAND': macro redefinition
  C:\Program Files (x86)\Windows Kits\10\Include\10.0.17134.0\um\winsock2.h(1600): note: see previous definition of 'POLLWRBAND'
f:\repos\simple_ffmpeg\libavformat/os_support.h(128): warning C4005: 'POLLPRI': macro redefinition
  C:\Program Files (x86)\Windows Kits\10\Include\10.0.17134.0\um\winsock2.h(1596): note: see previous definition of 'POLLPRI'
f:\repos\simple_ffmpeg\libavformat/os_support.h(131): warning C4005: 'POLLERR': macro redefinition
  C:\Program Files (x86)\Windows Kits\10\Include\10.0.17134.0\um\winsock2.h(1602): note: see previous definition of 'POLLERR'
f:\repos\simple_ffmpeg\libavformat/os_support.h(132): warning C4005: 'POLLHUP': macro redefinition
  C:\Program Files (x86)\Windows Kits\10\Include\10.0.17134.0\um\winsock2.h(1603): note: see previous definition of 'POLLHUP'
f:\repos\simple_ffmpeg\libavformat/os_support.h(133): warning C4005: 'POLLNVAL': macro redefinition
  C:\Program Files (x86)\Windows Kits\10\Include\10.0.17134.0\um\winsock2.h(1604): note: see previous definition of 'POLLNVAL'
F:\repos\simple_ffmpeg\ffmpeg.c(508): warning C4090: 'function': different 'const' qualifiers
F:\repos\simple_ffmpeg\ffmpeg.c(3602): warning C4090: 'function': different 'const' qualifiers
  ffmpeg_filter.c
f:\repos\simple_ffmpeg\libavutil\rational.h : warning C4819: The file contains a character that cannot be represented in the current code page (936). Save the file in Unicode format to prevent data loss
F:\repos\simple_ffmpeg\ffmpeg_filter.c(188): warning C4133: '=': incompatible types - from 'int *' to 'const AVSampleFormat *'
  ffmpeg_opt.c
f:\repos\simple_ffmpeg\libavutil\rational.h : warning C4819: The file contains a character that cannot be represented in the current code page (936). Save the file in Unicode format to prevent data loss
F:\repos\simple_ffmpeg\ffmpeg_opt.c(179): warning C4090: 'function': different 'const' qualifiers
F:\repos\simple_ffmpeg\ffmpeg_opt.c(241): warning C4090: 'function': different 'const' qualifiers
F:\repos\simple_ffmpeg\ffmpeg_opt.c(397): warning C4090: 'function': different 'const' qualifiers
F:\repos\simple_ffmpeg\ffmpeg_opt.c(732): warning C4090: 'function': different 'const' qualifiers
F:\repos\simple_ffmpeg\ffmpeg_opt.c(770): warning C4090: 'function': different 'const' qualifiers
F:\repos\simple_ffmpeg\ffmpeg_opt.c(1008): warning C4090: 'function': different 'const' qualifiers
F:\repos\simple_ffmpeg\ffmpeg_opt.c(1017): warning C4090: 'function': different 'const' qualifiers
F:\repos\simple_ffmpeg\ffmpeg_opt.c(1170): warning C4090: 'function': different 'const' qualifiers
F:\repos\simple_ffmpeg\ffmpeg_opt.c(1173): warning C4090: 'function': different 'const' qualifiers
F:\repos\simple_ffmpeg\ffmpeg_opt.c(2430): warning C4090: 'function': different 'const' qualifiers
F:\repos\simple_ffmpeg\ffmpeg_opt.c(2433): warning C4090: 'function': different 'const' qualifiers
F:\repos\simple_ffmpeg\ffmpeg_opt.c(2647): warning C4090: 'function': different 'const' qualifiers
F:\repos\simple_ffmpeg\ffmpeg_opt.c(2655): warning C4090: 'function': different 'const' qualifiers
F:\repos\simple_ffmpeg\ffmpeg_opt.c(2691): warning C4090: 'function': different 'const' qualifiers
  Generating Code...
f:\repos\simple_ffmpeg\ffmpeg_opt.c(519): warning C4715: 'opt_init_hw_device': not all control paths return a value
